<?xml version="1.0" encoding="UTF-8"?>
<!-- Generated by org.testng.reporters.JUnitReportReporter -->
<testsuite hostname="DESKTOP-B6LUMK8" name="Scenario_Component.Senario_Search" tests="1" failures="0" timestamp="15 Oct 2016 12:20:30 GMT" time="37.447" errors="0">
  <testcase name="invalid_search_test" time="37.447" classname="Scenario_Component.Senario_Search"/>
</testsuite> <!-- Scenario_Component.Senario_Search -->
